          ok  Starting native_osx for sync app-sync
          ok  app-sync container still running, restarting unison in container
     command  docker exec app-sync supervisorctl restart unison
unison: stopped
unison: started
          ok  starting initial sync of app-sync
     success  Sync container started
     success  Showing unison logs from your sync container: app-sync
[2018-10-31 17:18:50 -0400] Sync Log:  UNISON 2.51.2 (OCAML 4.06.1) started propagating changes at 17:18:50.65 on 31 Oct 2018
[2018-10-31 17:18:50 -0400] Sync Log:  [BGN] Copying .docker-sync/daemon.log from /host_sync to /app_sync
[2018-10-31 17:18:50 -0400] Sync Log:  [END] Copying .docker-sync/daemon.log
[2018-10-31 17:18:50 -0400] Sync Log:  [BGN] Copying .docker-sync/daemon.pid from /host_sync to /app_sync
[2018-10-31 17:18:50 -0400] Sync Log:  [END] Copying .docker-sync/daemon.pid
[2018-10-31 17:18:50 -0400] Sync Log:  UNISON 2.51.2 (OCAML 4.06.1) finished propagating changes at 17:18:50.66 on 31 Oct 2018
[2018-10-31 17:18:50 -0400] Sync Log:  Synchronization complete at 17:18:50  (2 items transferred, 0 skipped, 0 failed)
[2018-10-31 17:19:21 -0400] Sync Log:  UNISON 2.51.2 (OCAML 4.06.1) started propagating changes at 17:19:21.47 on 31 Oct 2018
[2018-10-31 17:19:21 -0400] Sync Log:  [BGN] Copying .docker-compose-dev.yml.swp from /host_sync to /app_sync
[2018-10-31 17:19:21 -0400] Sync Log:  [END] Copying .docker-compose-dev.yml.swp
[2018-10-31 17:19:21 -0400] Sync Log:  UNISON 2.51.2 (OCAML 4.06.1) finished propagating changes at 17:19:21.47 on 31 Oct 2018
[2018-10-31 17:19:21 -0400] Sync Log:  Synchronization complete at 17:19:21  (1 item transferred, 0 skipped, 0 failed)
[2018-10-31 17:19:29 -0400] Sync Log:  Synchronization complete at 17:19:29  (0 item transferred, 1 skipped, 0 failed)
[2018-10-31 17:19:29 -0400] Sync Log:    skipped: .git/index.lock (Error in digesting /host_sync/.git/index.lock:
[2018-10-31 17:19:29 -0400] Sync Log:  /host_sync/.git/index.lock: No such file or directory)
[2018-10-31 17:20:37 -0400] Sync Log:  UNISON 2.51.2 (OCAML 4.06.1) started propagating changes at 17:20:37.72 on 31 Oct 2018
[2018-10-31 17:20:37 -0400] Sync Log:  [BGN] Updating file .docker-compose-dev.yml.swp from /host_sync to /app_sync
[2018-10-31 17:20:37 -0400] Sync Log:  [END] Updating file .docker-compose-dev.yml.swp
[2018-10-31 17:20:37 -0400] Sync Log:  UNISON 2.51.2 (OCAML 4.06.1) finished propagating changes at 17:20:37.73 on 31 Oct 2018
[2018-10-31 17:20:37 -0400] Sync Log:  Synchronization complete at 17:20:37  (1 item transferred, 0 skipped, 0 failed)
[2018-10-31 17:20:45 -0400] Sync Log:  UNISON 2.51.2 (OCAML 4.06.1) started propagating changes at 17:20:45.34 on 31 Oct 2018
[2018-10-31 17:20:45 -0400] Sync Log:  [BGN] Deleting .docker-compose-dev.yml.swp from /app_sync
[2018-10-31 17:20:45 -0400] Sync Log:  [END] Deleting .docker-compose-dev.yml.swp
[2018-10-31 17:20:45 -0400] Sync Log:  UNISON 2.51.2 (OCAML 4.06.1) finished propagating changes at 17:20:45.34 on 31 Oct 2018
[2018-10-31 17:20:45 -0400] Sync Log:  Synchronization complete at 17:20:45  (1 item transferred, 0 skipped, 0 failed)
[2018-10-31 17:20:55 -0400] Sync Log:  UNISON 2.51.2 (OCAML 4.06.1) started propagating changes at 17:20:55.88 on 31 Oct 2018
[2018-10-31 17:20:55 -0400] Sync Log:  [BGN] Copying .docker-compose.yml.swp from /host_sync to /app_sync
[2018-10-31 17:20:55 -0400] Sync Log:  [END] Copying .docker-compose.yml.swp
[2018-10-31 17:20:55 -0400] Sync Log:  UNISON 2.51.2 (OCAML 4.06.1) finished propagating changes at 17:20:55.88 on 31 Oct 2018
[2018-10-31 17:20:55 -0400] Sync Log:  Synchronization complete at 17:20:55  (1 item transferred, 0 skipped, 0 failed)
[2018-10-31 17:21:15 -0400] Sync Log:  UNISON 2.51.2 (OCAML 4.06.1) started propagating changes at 17:21:15.12 on 31 Oct 2018
[2018-10-31 17:21:15 -0400] Sync Log:  [BGN] Copying .docker-compose-dev.yml.swp from /host_sync to /app_sync
[2018-10-31 17:21:15 -0400] Sync Log:  [END] Copying .docker-compose-dev.yml.swp
[2018-10-31 17:21:15 -0400] Sync Log:  UNISON 2.51.2 (OCAML 4.06.1) finished propagating changes at 17:21:15.13 on 31 Oct 2018
[2018-10-31 17:21:15 -0400] Sync Log:  Synchronization complete at 17:21:15  (1 item transferred, 0 skipped, 0 failed)
[2018-10-31 17:22:21 -0400] Sync Log:  UNISON 2.51.2 (OCAML 4.06.1) started propagating changes at 17:22:21.24 on 31 Oct 2018
[2018-10-31 17:22:21 -0400] Sync Log:  [BGN] Updating file docker-compose-dev.yml from /host_sync to /app_sync
[2018-10-31 17:22:21 -0400] Sync Log:  [END] Updating file docker-compose-dev.yml
[2018-10-31 17:22:21 -0400] Sync Log:  UNISON 2.51.2 (OCAML 4.06.1) finished propagating changes at 17:22:21.24 on 31 Oct 2018
[2018-10-31 17:22:21 -0400] Sync Log:  Synchronization complete at 17:22:21  (1 item transferred, 0 skipped, 0 failed)
[2018-10-31 17:22:23 -0400] Sync Log:  UNISON 2.51.2 (OCAML 4.06.1) started propagating changes at 17:22:23.31 on 31 Oct 2018
[2018-10-31 17:22:23 -0400] Sync Log:  [BGN] Deleting .docker-compose.yml.swp from /app_sync
[2018-10-31 17:22:23 -0400] Sync Log:  [END] Deleting .docker-compose.yml.swp
[2018-10-31 17:22:23 -0400] Sync Log:  UNISON 2.51.2 (OCAML 4.06.1) finished propagating changes at 17:22:23.31 on 31 Oct 2018
[2018-10-31 17:22:23 -0400] Sync Log:  Synchronization complete at 17:22:23  (1 item transferred, 0 skipped, 0 failed)
[2018-10-31 17:22:24 -0400] Sync Log:  UNISON 2.51.2 (OCAML 4.06.1) started propagating changes at 17:22:24.37 on 31 Oct 2018
[2018-10-31 17:22:24 -0400] Sync Log:  [BGN] Deleting .docker-compose-dev.yml.swp from /app_sync
[2018-10-31 17:22:24 -0400] Sync Log:  [END] Deleting .docker-compose-dev.yml.swp
[2018-10-31 17:22:24 -0400] Sync Log:  UNISON 2.51.2 (OCAML 4.06.1) finished propagating changes at 17:22:24.37 on 31 Oct 2018
[2018-10-31 17:22:24 -0400] Sync Log:  Synchronization complete at 17:22:24  (1 item transferred, 0 skipped, 0 failed)
[2018-10-31 17:22:30 -0400] Sync Log:  Synchronization complete at 17:22:30  (0 item transferred, 1 skipped, 0 failed)
[2018-10-31 17:22:30 -0400] Sync Log:    skipped: .git/index.lock (Error in digesting /host_sync/.git/index.lock:
[2018-10-31 17:22:30 -0400] Sync Log:  /host_sync/.git/index.lock: No such file or directory)
          ok  Starting native_osx for sync app-sync
          ok  app-sync container still running, restarting unison in container
     command  docker exec app-sync supervisorctl restart unison
unison: stopped
unison: started
          ok  starting initial sync of app-sync
     success  Sync container started
     success  Showing unison logs from your sync container: app-sync
[2018-10-31 18:29:59 -0400] Sync Log:  [BGN] Copying pub/static/adminhtml/Magento/backend/en_US/Magento_Ui/templates/form/element/input.html from /app_sync to /host_sync
[2018-10-31 18:29:59 -0400] Sync Log:  [END] Copying pub/static/adminhtml/Magento/backend/en_US/Magento_Ui/templates/form/element/input.html
[2018-10-31 18:29:59 -0400] Sync Log:  [BGN] Copying pub/static/adminhtml/Magento/backend/en_US/Magento_Ui/templates/form/element/select.html from /app_sync to /host_sync
[2018-10-31 18:29:59 -0400] Sync Log:  [END] Copying pub/static/adminhtml/Magento/backend/en_US/Magento_Ui/templates/form/element/select.html
[2018-10-31 18:29:59 -0400] Sync Log:  [BGN] Updating file var/log/support_report.log from /app_sync to /host_sync
[2018-10-31 18:29:59 -0400] Sync Log:  [END] Updating file var/log/support_report.log
[2018-10-31 18:29:59 -0400] Sync Log:  [BGN] Updating file var/log/system.log from /app_sync to /host_sync
[2018-10-31 18:29:59 -0400] Sync Log:  [END] Updating file var/log/system.log
[2018-10-31 18:29:59 -0400] Sync Log:  UNISON 2.51.2 (OCAML 4.06.1) finished propagating changes at 18:08:36.97 on 31 Oct 2018
[2018-10-31 18:29:59 -0400] Sync Log:  Synchronization complete at 18:08:37  (5 items transferred, 0 skipped, 0 failed)
[2018-10-31 18:31:41 -0400] Sync Log:  UNISON 2.51.2 (OCAML 4.06.1) started propagating changes at 18:31:40.21 on 31 Oct 2018
[2018-10-31 18:31:41 -0400] Sync Log:  [BGN] Copying properties for  from /app_sync to /host_sync
[2018-10-31 18:31:41 -0400] Sync Log:  [END] Copying properties for 
[2018-10-31 18:31:41 -0400] Sync Log:  [BGN] Updating file .docker-sync/daemon.log from /host_sync to /app_sync
[2018-10-31 18:31:41 -0400] Sync Log:  [END] Updating file .docker-sync/daemon.log
[2018-10-31 18:31:41 -0400] Sync Log:  [BGN] Copying .docker-sync/daemon.pid from /host_sync to /app_sync
[2018-10-31 18:31:41 -0400] Sync Log:  [END] Copying .docker-sync/daemon.pid
[2018-10-31 18:31:41 -0400] Sync Log:  [BGN] Updating file .git/HEAD from /host_sync to /app_sync
[2018-10-31 18:31:41 -0400] Sync Log:  [END] Updating file .git/HEAD
[2018-10-31 18:31:41 -0400] Sync Log:  [BGN] Updating file .git/ORIG_HEAD from /host_sync to /app_sync
[2018-10-31 18:31:41 -0400] Sync Log:  [END] Updating file .git/ORIG_HEAD
[2018-10-31 18:31:41 -0400] Sync Log:  [BGN] Updating file .git/index from /host_sync to /app_sync
[2018-10-31 18:31:41 -0400] Sync Log:  [END] Updating file .git/index
[2018-10-31 18:31:41 -0400] Sync Log:  [BGN] Updating file .git/logs/HEAD from /host_sync to /app_sync
[2018-10-31 18:31:41 -0400] Sync Log:  [END] Updating file .git/logs/HEAD
[2018-10-31 18:31:41 -0400] Sync Log:  [BGN] Copying .git/logs/refs/stash from /host_sync to /app_sync
[2018-10-31 18:31:41 -0400] Sync Log:  [END] Copying .git/logs/refs/stash
[2018-10-31 18:31:41 -0400] Sync Log:  [BGN] Copying .git/objects/28 from /host_sync to /app_sync
[2018-10-31 18:31:41 -0400] Sync Log:  [END] Copying .git/objects/28
[2018-10-31 18:31:41 -0400] Sync Log:  [BGN] Copying .git/objects/2f from /host_sync to /app_sync
[2018-10-31 18:31:41 -0400] Sync Log:  [END] Copying .git/objects/2f
[2018-10-31 18:31:41 -0400] Sync Log:  [BGN] Copying .git/objects/4e from /host_sync to /app_sync
[2018-10-31 18:31:41 -0400] Sync Log:  [END] Copying .git/objects/4e
[2018-10-31 18:31:41 -0400] Sync Log:  [BGN] Copying .git/objects/52/5b3f42be3bb1f68aa7d1566ea4ab7eeb24f866 from /host_sync to /app_sync
[2018-10-31 18:31:41 -0400] Sync Log:  [END] Copying .git/objects/52/5b3f42be3bb1f68aa7d1566ea4ab7eeb24f866
[2018-10-31 18:31:41 -0400] Sync Log:  [BGN] Copying .git/objects/63 from /host_sync to /app_sync
[2018-10-31 18:31:41 -0400] Sync Log:  [END] Copying .git/objects/63
[2018-10-31 18:31:41 -0400] Sync Log:  [BGN] Copying .git/objects/6e/2ef58a97f715a3955c0fe5c1299dd1edc560cb from /host_sync to /app_sync
[2018-10-31 18:31:41 -0400] Sync Log:  [END] Copying .git/objects/6e/2ef58a97f715a3955c0fe5c1299dd1edc560cb
[2018-10-31 18:31:41 -0400] Sync Log:  [BGN] Copying .git/objects/73 from /host_sync to /app_sync
[2018-10-31 18:31:41 -0400] Sync Log:  [END] Copying .git/objects/73
[2018-10-31 18:31:41 -0400] Sync Log:  [BGN] Copying .git/objects/77 from /host_sync to /app_sync
[2018-10-31 18:31:41 -0400] Sync Log:  [END] Copying .git/objects/77
[2018-10-31 18:31:41 -0400] Sync Log:  [BGN] Copying .git/objects/87 from /host_sync to /app_sync
[2018-10-31 18:31:41 -0400] Sync Log:  [END] Copying .git/objects/87
[2018-10-31 18:31:41 -0400] Sync Log:  [BGN] Copying .git/objects/90 from /host_sync to /app_sync
[2018-10-31 18:31:41 -0400] Sync Log:  [END] Copying .git/objects/90
[2018-10-31 18:31:41 -0400] Sync Log:  [BGN] Copying .git/objects/95 from /host_sync to /app_sync
[2018-10-31 18:31:41 -0400] Sync Log:  [END] Copying .git/objects/95
[2018-10-31 18:31:41 -0400] Sync Log:  [BGN] Copying .git/objects/b1 from /host_sync to /app_sync
[2018-10-31 18:31:41 -0400] Sync Log:  [END] Copying .git/objects/b1
[2018-10-31 18:31:41 -0400] Sync Log:  [BGN] Copying .git/objects/e9 from /host_sync to /app_sync
[2018-10-31 18:31:41 -0400] Sync Log:  [END] Copying .git/objects/e9
[2018-10-31 18:31:41 -0400] Sync Log:  [BGN] Copying .git/objects/f4/ecebc615a7471d9aff321e039081d0cac5b5b6 from /host_sync to /app_sync
[2018-10-31 18:31:41 -0400] Sync Log:  [END] Copying .git/objects/f4/ecebc615a7471d9aff321e039081d0cac5b5b6
[2018-10-31 18:31:41 -0400] Sync Log:  [BGN] Copying .git/refs/stash from /host_sync to /app_sync
[2018-10-31 18:31:41 -0400] Sync Log:  [END] Copying .git/refs/stash
[2018-10-31 18:31:41 -0400] Sync Log:  [BGN] Updating file .gitignore from /host_sync to /app_sync
[2018-10-31 18:31:41 -0400] Sync Log:  [END] Updating file .gitignore
[2018-10-31 18:31:41 -0400] Sync Log:  [BGN] Updating file app/code/SomethingDigital/BryantPark/etc/adminhtml/system.xml from /host_sync to /app_sync
[2018-10-31 18:31:41 -0400] Sync Log:  [END] Updating file app/code/SomethingDigital/BryantPark/etc/adminhtml/system.xml
[2018-10-31 18:31:41 -0400] Sync Log:  [BGN] Copying properties for app/etc/config.php from /host_sync to /app_sync
[2018-10-31 18:31:41 -0400] Sync Log:  [END] Copying properties for app/etc/config.php
[2018-10-31 18:31:41 -0400] Sync Log:  [BGN] Copying properties for auth.json.sample from /host_sync to /app_sync
[2018-10-31 18:31:41 -0400] Sync Log:  [END] Copying properties for auth.json.sample
[2018-10-31 18:31:41 -0400] Sync Log:  [BGN] Updating file composer.json from /host_sync to /app_sync
[2018-10-31 18:31:41 -0400] Sync Log:  [END] Updating file composer.json
[2018-10-31 18:31:41 -0400] Sync Log:  [BGN] Copying properties for docker-compose-dev.yml from /host_sync to /app_sync
[2018-10-31 18:31:41 -0400] Sync Log:  [END] Copying properties for docker-compose-dev.yml
[2018-10-31 18:31:41 -0400] Sync Log:  [BGN] Copying properties for docker-compose.yml from /host_sync to /app_sync
[2018-10-31 18:31:41 -0400] Sync Log:  [END] Copying properties for docker-compose.yml
[2018-10-31 18:31:41 -0400] Sync Log:  [BGN] Copying properties for provision.yml from /host_sync to /app_sync
[2018-10-31 18:31:41 -0400] Sync Log:  [END] Copying properties for provision.yml
[2018-10-31 18:31:41 -0400] Sync Log:  [BGN] Copying properties for pub/.htaccess from /host_sync to /app_sync
[2018-10-31 18:31:41 -0400] Sync Log:  [END] Copying properties for pub/.htaccess
[2018-10-31 18:31:41 -0400] Sync Log:  [BGN] Copying properties for yarn.lock from /host_sync to /app_sync
[2018-10-31 18:31:41 -0400] Sync Log:  [END] Copying properties for yarn.lock
[2018-10-31 18:31:41 -0400] Sync Log:  [BGN] Deleting Dockerfile from /app_sync
[2018-10-31 18:31:41 -0400] Sync Log:  [END] Deleting Dockerfile
[2018-10-31 18:31:41 -0400] Sync Log:  [BGN] Deleting app/code/SomethingDigital/BryantPark/Helper/GoogleVerificationTag.php from /app_sync
[2018-10-31 18:31:41 -0400] Sync Log:  [END] Deleting app/code/SomethingDigital/BryantPark/Helper/GoogleVerificationTag.php
[2018-10-31 18:31:41 -0400] Sync Log:  [BGN] Deleting app/etc/env.php.j2 from /app_sync
[2018-10-31 18:31:41 -0400] Sync Log:  [END] Deleting app/etc/env.php.j2
[2018-10-31 18:31:41 -0400] Sync Log:  [BGN] Deleting asdf from /app_sync
[2018-10-31 18:31:41 -0400] Sync Log:  [END] Deleting asdf
[2018-10-31 18:31:41 -0400] Sync Log:  [BGN] Deleting auth.json.j2 from /app_sync
[2018-10-31 18:31:41 -0400] Sync Log:  [END] Deleting auth.json.j2
[2018-10-31 18:31:41 -0400] Sync Log:  [BGN] Deleting default.conf.j2 from /app_sync
[2018-10-31 18:31:41 -0400] Sync Log:  [END] Deleting default.conf.j2
[2018-10-31 18:31:41 -0400] Sync Log:  [BGN] Deleting docker-compose-consul.yml from /app_sync
[2018-10-31 18:31:41 -0400] Sync Log:  [END] Deleting docker-compose-consul.yml
[2018-10-31 18:31:41 -0400] Sync Log:  [BGN] Deleting docker-compose-traefik.yml from /app_sync
[2018-10-31 18:31:41 -0400] Sync Log:  [END] Deleting docker-compose-traefik.yml
[2018-10-31 18:31:41 -0400] Sync Log:  UNISON 2.51.2 (OCAML 4.06.1) finished propagating changes at 18:31:40.36 on 31 Oct 2018
[2018-10-31 18:31:41 -0400] Sync Log:  Synchronization complete at 18:31:40  (41 items transferred, 0 skipped, 0 failed)
[2018-10-31 18:32:21 -0400] Sync Log:  UNISON 2.51.2 (OCAML 4.06.1) started propagating changes at 18:32:20.55 on 31 Oct 2018
[2018-10-31 18:32:21 -0400] Sync Log:  [BGN] Deleting provision.retry from /app_sync
[2018-10-31 18:32:21 -0400] Sync Log:  [END] Deleting provision.retry
[2018-10-31 18:32:21 -0400] Sync Log:  UNISON 2.51.2 (OCAML 4.06.1) finished propagating changes at 18:32:20.55 on 31 Oct 2018
[2018-10-31 18:32:21 -0400] Sync Log:  Synchronization complete at 18:32:20  (1 item transferred, 0 skipped, 0 failed)
[2018-10-31 18:32:45 -0400] Sync Log:  UNISON 2.51.2 (OCAML 4.06.1) started propagating changes at 18:32:44.90 on 31 Oct 2018
[2018-10-31 18:32:45 -0400] Sync Log:  [BGN] Copying .docker-compose-dev.yml.swp from /host_sync to /app_sync
[2018-10-31 18:32:45 -0400] Sync Log:  [END] Copying .docker-compose-dev.yml.swp
[2018-10-31 18:32:45 -0400] Sync Log:  UNISON 2.51.2 (OCAML 4.06.1) finished propagating changes at 18:32:44.90 on 31 Oct 2018
[2018-10-31 18:32:45 -0400] Sync Log:  Synchronization complete at 18:32:45  (1 item transferred, 0 skipped, 0 failed)
[2018-10-31 18:32:46 -0400] Sync Log:  UNISON 2.51.2 (OCAML 4.06.1) started propagating changes at 18:32:46.08 on 31 Oct 2018
[2018-10-31 18:32:46 -0400] Sync Log:  [BGN] Copying .docker-compose.yml.swp from /host_sync to /app_sync
[2018-10-31 18:32:46 -0400] Sync Log:  [END] Copying .docker-compose.yml.swp
[2018-10-31 18:32:46 -0400] Sync Log:  UNISON 2.51.2 (OCAML 4.06.1) finished propagating changes at 18:32:46.08 on 31 Oct 2018
[2018-10-31 18:32:47 -0400] Sync Log:  Synchronization complete at 18:32:46  (1 item transferred, 0 skipped, 0 failed)
[2018-10-31 18:32:56 -0400] Sync Log:  UNISON 2.51.2 (OCAML 4.06.1) started propagating changes at 18:32:55.43 on 31 Oct 2018
[2018-10-31 18:32:56 -0400] Sync Log:  [BGN] Copying .docker-sync.yml.swp from /host_sync to /app_sync
[2018-10-31 18:32:56 -0400] Sync Log:  [END] Copying .docker-sync.yml.swp
[2018-10-31 18:32:56 -0400] Sync Log:  UNISON 2.51.2 (OCAML 4.06.1) finished propagating changes at 18:32:55.43 on 31 Oct 2018
[2018-10-31 18:32:56 -0400] Sync Log:  Synchronization complete at 18:32:55  (1 item transferred, 0 skipped, 0 failed)
[2018-10-31 18:32:57 -0400] Sync Log:  UNISON 2.51.2 (OCAML 4.06.1) started propagating changes at 18:32:56.61 on 31 Oct 2018
[2018-10-31 18:32:57 -0400] Sync Log:  [BGN] Updating file .docker-compose.yml.swp from /host_sync to /app_sync
[2018-10-31 18:32:57 -0400] Sync Log:  [END] Updating file .docker-compose.yml.swp
[2018-10-31 18:32:57 -0400] Sync Log:  UNISON 2.51.2 (OCAML 4.06.1) finished propagating changes at 18:32:56.61 on 31 Oct 2018
[2018-10-31 18:32:57 -0400] Sync Log:  Synchronization complete at 18:32:56  (1 item transferred, 0 skipped, 0 failed)
[2018-10-31 18:33:19 -0400] Sync Log:  UNISON 2.51.2 (OCAML 4.06.1) started propagating changes at 18:33:18.63 on 31 Oct 2018
[2018-10-31 18:33:19 -0400] Sync Log:  [BGN] Deleting .docker-compose.yml.swp from /app_sync
[2018-10-31 18:33:19 -0400] Sync Log:  [END] Deleting .docker-compose.yml.swp
[2018-10-31 18:33:19 -0400] Sync Log:  UNISON 2.51.2 (OCAML 4.06.1) finished propagating changes at 18:33:18.63 on 31 Oct 2018
[2018-10-31 18:33:19 -0400] Sync Log:  Synchronization complete at 18:33:18  (1 item transferred, 0 skipped, 0 failed)
[2018-10-31 18:37:36 -0400] Sync Log:  UNISON 2.51.2 (OCAML 4.06.1) started propagating changes at 18:37:36.19 on 31 Oct 2018
[2018-10-31 18:37:36 -0400] Sync Log:  [BGN] Updating file .git/logs/HEAD from /host_sync to /app_sync
[2018-10-31 18:37:36 -0400] Sync Log:  [END] Updating file .git/logs/HEAD
[2018-10-31 18:37:36 -0400] Sync Log:  [BGN] Updating file .git/logs/refs/stash from /host_sync to /app_sync
[2018-10-31 18:37:36 -0400] Sync Log:  [END] Updating file .git/logs/refs/stash
[2018-10-31 18:37:36 -0400] Sync Log:  [BGN] Copying .git/objects/01 from /host_sync to /app_sync
[2018-10-31 18:37:36 -0400] Sync Log:  [END] Copying .git/objects/01
[2018-10-31 18:37:36 -0400] Sync Log:  [BGN] Copying .git/objects/40 from /host_sync to /app_sync
[2018-10-31 18:37:36 -0400] Sync Log:  [END] Copying .git/objects/40
[2018-10-31 18:37:36 -0400] Sync Log:  [BGN] Copying .git/objects/48 from /host_sync to /app_sync
[2018-10-31 18:37:36 -0400] Sync Log:  [END] Copying .git/objects/48
[2018-10-31 18:37:36 -0400] Sync Log:  [BGN] Copying .git/objects/ad from /host_sync to /app_sync
[2018-10-31 18:37:36 -0400] Sync Log:  [END] Copying .git/objects/ad
[2018-10-31 18:37:36 -0400] Sync Log:  [BGN] Copying .git/objects/c0 from /host_sync to /app_sync
[2018-10-31 18:37:36 -0400] Sync Log:  [END] Copying .git/objects/c0
[2018-10-31 18:37:36 -0400] Sync Log:  [BGN] Updating file .git/refs/stash from /host_sync to /app_sync
[2018-10-31 18:37:36 -0400] Sync Log:  [END] Updating file .git/refs/stash
[2018-10-31 18:37:36 -0400] Sync Log:  [BGN] Updating file app/etc/config.php from /host_sync to /app_sync
[2018-10-31 18:37:36 -0400] Sync Log:  [END] Updating file app/etc/config.php
[2018-10-31 18:37:36 -0400] Sync Log:  [BGN] Updating file pub/.htaccess from /host_sync to /app_sync
[2018-10-31 18:37:36 -0400] Sync Log:  [END] Updating file pub/.htaccess
[2018-10-31 18:37:36 -0400] Sync Log:  [BGN] Updating file yarn.lock from /host_sync to /app_sync
[2018-10-31 18:37:36 -0400] Sync Log:  [END] Updating file yarn.lock
[2018-10-31 18:37:36 -0400] Sync Log:  UNISON 2.51.2 (OCAML 4.06.1) finished propagating changes at 18:37:36.22 on 31 Oct 2018
[2018-10-31 18:37:37 -0400] Sync Log:  Synchronization complete at 18:37:36  (11 items transferred, 0 skipped, 0 failed)
[2018-10-31 18:37:38 -0400] Sync Log:  UNISON 2.51.2 (OCAML 4.06.1) started propagating changes at 18:37:37.41 on 31 Oct 2018
[2018-10-31 18:37:38 -0400] Sync Log:  [BGN] Updating file .git/index from /host_sync to /app_sync
[2018-10-31 18:37:38 -0400] Sync Log:  [END] Updating file .git/index
[2018-10-31 18:37:38 -0400] Sync Log:  UNISON 2.51.2 (OCAML 4.06.1) finished propagating changes at 18:37:37.43 on 31 Oct 2018
[2018-10-31 18:37:38 -0400] Sync Log:  Synchronization complete at 18:37:37  (1 item transferred, 0 skipped, 0 failed)
[2018-10-31 18:37:46 -0400] Sync Log:  Synchronization complete at 18:37:46  (0 item transferred, 1 skipped, 0 failed)
[2018-10-31 18:37:46 -0400] Sync Log:    skipped: .git/index.lock (Error in digesting /host_sync/.git/index.lock:
[2018-10-31 18:37:46 -0400] Sync Log:  /host_sync/.git/index.lock: No such file or directory)
